<?xml version="1.0" encoding="UTF-8"?>
<testng-results skipped="0" failed="1" ignored="0" total="8" passed="7">
  <reporter-output>
  </reporter-output>
  <suite name="Default suite" duration-ms="231824" started-at="2019-09-23T09:02:41Z" finished-at="2019-09-23T09:06:32Z">
    <groups>
    </groups>
    <test name="Default test" duration-ms="231824" started-at="2019-09-23T09:02:41Z" finished-at="2019-09-23T09:06:32Z">
      <class name="com.orangehrm.qa.testcases.Homepagetest">
        <test-method status="PASS" signature="setup()[pri:0, instance:com.orangehrm.qa.testcases.Homepagetest@6f7fd0e6]" name="setup" is-config="true" duration-ms="26723" started-at="2019-09-23T14:32:41Z" finished-at="2019-09-23T14:33:07Z">
          <reporter-output>
          </reporter-output>
        </test-method> <!-- setup -->
        <test-method status="PASS" signature="verifyuserstest()[pri:1, instance:com.orangehrm.qa.testcases.Homepagetest@6f7fd0e6]" name="verifyuserstest" duration-ms="5205" started-at="2019-09-23T14:33:07Z" finished-at="2019-09-23T14:33:13Z">
          <reporter-output>
          </reporter-output>
        </test-method> <!-- verifyuserstest -->
        <test-method status="PASS" signature="teardown()[pri:0, instance:com.orangehrm.qa.testcases.Homepagetest@6f7fd0e6]" name="teardown" is-config="true" duration-ms="888" started-at="2019-09-23T14:33:13Z" finished-at="2019-09-23T14:33:13Z">
          <reporter-output>
          </reporter-output>
        </test-method> <!-- teardown -->
        <test-method status="PASS" signature="setup()[pri:0, instance:com.orangehrm.qa.testcases.Homepagetest@6f7fd0e6]" name="setup" is-config="true" duration-ms="20858" started-at="2019-09-23T14:33:13Z" finished-at="2019-09-23T14:33:34Z">
          <reporter-output>
          </reporter-output>
        </test-method> <!-- setup -->
        <test-method status="FAIL" signature="verifyjobtittlepage()[pri:2, instance:com.orangehrm.qa.testcases.Homepagetest@6f7fd0e6]" name="verifyjobtittlepage" duration-ms="10560" started-at="2019-09-23T14:33:34Z" finished-at="2019-09-23T14:33:45Z">
          <exception class="org.openqa.selenium.TimeoutException">
            <message>
              <![CDATA[timeout
  (Session info: chrome=76.0.3809.132)
  (Driver info: chromedriver=72.0.3626.69 (3c16f8a135abc0d4da2dff33804db79b849a7c38),platform=Windows NT 6.1.7601 SP1 x86_64) (WARNING: The server did not provide any stacktrace information)
Command duration or timeout: 0 milliseconds
Build info: version: '3.14.0', revision: 'aacccce0', time: '2018-08-02T20:19:58.91Z'
System info: host: 'ASHISH-PC', ip: '192.168.43.147', os.name: 'Windows 7', os.arch: 'amd64', os.version: '6.1', java.version: '1.8.0_181'
Driver info: org.openqa.selenium.chrome.ChromeDriver
Capabilities {acceptInsecureCerts: false, acceptSslCerts: false, applicationCacheEnabled: false, browserConnectionEnabled: false, browserName: chrome, chrome: {chromedriverVersion: 72.0.3626.69 (3c16f8a135abc..., userDataDir: C:\Users\Ashish\AppData\Loc...}, cssSelectorsEnabled: true, databaseEnabled: false, goog:chromeOptions: {debuggerAddress: localhost:62766}, handlesAlerts: true, hasTouchScreen: false, javascriptEnabled: true, locationContextEnabled: true, mobileEmulationEnabled: false, nativeEvents: true, networkConnectionEnabled: false, pageLoadStrategy: normal, platform: XP, platformName: XP, proxy: Proxy(), rotatable: false, setWindowRect: true, takesHeapSnapshot: true, takesScreenshot: true, timeouts: {implicit: 0, pageLoad: 300000, script: 30000}, unexpectedAlertBehaviour: ignore, unhandledPromptBehavior: ignore, version: 76.0.3809.132, webStorageEnabled: true}
Session ID: 11d6ac9be8e1937552b26d1b6270d36d]]>
            </message>
            <full-stacktrace>
              <![CDATA[org.openqa.selenium.TimeoutException: timeout
  (Session info: chrome=76.0.3809.132)
  (Driver info: chromedriver=72.0.3626.69 (3c16f8a135abc0d4da2dff33804db79b849a7c38),platform=Windows NT 6.1.7601 SP1 x86_64) (WARNING: The server did not provide any stacktrace information)
Command duration or timeout: 0 milliseconds
Build info: version: '3.14.0', revision: 'aacccce0', time: '2018-08-02T20:19:58.91Z'
System info: host: 'ASHISH-PC', ip: '192.168.43.147', os.name: 'Windows 7', os.arch: 'amd64', os.version: '6.1', java.version: '1.8.0_181'
Driver info: org.openqa.selenium.chrome.ChromeDriver
Capabilities {acceptInsecureCerts: false, acceptSslCerts: false, applicationCacheEnabled: false, browserConnectionEnabled: false, browserName: chrome, chrome: {chromedriverVersion: 72.0.3626.69 (3c16f8a135abc..., userDataDir: C:\Users\Ashish\AppData\Loc...}, cssSelectorsEnabled: true, databaseEnabled: false, goog:chromeOptions: {debuggerAddress: localhost:62766}, handlesAlerts: true, hasTouchScreen: false, javascriptEnabled: true, locationContextEnabled: true, mobileEmulationEnabled: false, nativeEvents: true, networkConnectionEnabled: false, pageLoadStrategy: normal, platform: XP, platformName: XP, proxy: Proxy(), rotatable: false, setWindowRect: true, takesHeapSnapshot: true, takesScreenshot: true, timeouts: {implicit: 0, pageLoad: 300000, script: 30000}, unexpectedAlertBehaviour: ignore, unhandledPromptBehavior: ignore, version: 76.0.3809.132, webStorageEnabled: true}
Session ID: 11d6ac9be8e1937552b26d1b6270d36d
	at sun.reflect.NativeConstructorAccessorImpl.newInstance0(Native Method)
	at sun.reflect.NativeConstructorAccessorImpl.newInstance(NativeConstructorAccessorImpl.java:62)
	at sun.reflect.DelegatingConstructorAccessorImpl.newInstance(DelegatingConstructorAccessorImpl.java:45)
	at java.lang.reflect.Constructor.newInstance(Constructor.java:423)
	at org.openqa.selenium.remote.ErrorHandler.createThrowable(ErrorHandler.java:214)
	at org.openqa.selenium.remote.ErrorHandler.throwIfResponseFailed(ErrorHandler.java:166)
	at org.openqa.selenium.remote.http.JsonHttpResponseCodec.reconstructValue(JsonHttpResponseCodec.java:40)
	at org.openqa.selenium.remote.http.AbstractHttpResponseCodec.decode(AbstractHttpResponseCodec.java:80)
	at org.openqa.selenium.remote.http.AbstractHttpResponseCodec.decode(AbstractHttpResponseCodec.java:44)
	at org.openqa.selenium.remote.HttpCommandExecutor.execute(HttpCommandExecutor.java:158)
	at org.openqa.selenium.remote.service.DriverCommandExecutor.execute(DriverCommandExecutor.java:83)
	at org.openqa.selenium.remote.RemoteWebDriver.execute(RemoteWebDriver.java:548)
	at org.openqa.selenium.remote.RemoteWebElement.execute(RemoteWebElement.java:276)
	at org.openqa.selenium.remote.RemoteWebElement.click(RemoteWebElement.java:83)
	at sun.reflect.NativeMethodAccessorImpl.invoke0(Native Method)
	at sun.reflect.NativeMethodAccessorImpl.invoke(NativeMethodAccessorImpl.java:62)
	at sun.reflect.DelegatingMethodAccessorImpl.invoke(DelegatingMethodAccessorImpl.java:43)
	at java.lang.reflect.Method.invoke(Method.java:498)
	at org.openqa.selenium.support.pagefactory.internal.LocatingElementHandler.invoke(LocatingElementHandler.java:51)
	at com.sun.proxy.$Proxy9.click(Unknown Source)
	at com.orangehrm.qa.pages.Homepage.clickonjobtittlelink(Homepage.java:144)
	at com.orangehrm.qa.testcases.Homepagetest.verifyjobtittlepage(Homepagetest.java:36)
	at sun.reflect.NativeMethodAccessorImpl.invoke0(Native Method)
	at sun.reflect.NativeMethodAccessorImpl.invoke(NativeMethodAccessorImpl.java:62)
	at sun.reflect.DelegatingMethodAccessorImpl.invoke(DelegatingMethodAccessorImpl.java:43)
	at java.lang.reflect.Method.invoke(Method.java:498)
	at org.testng.internal.MethodInvocationHelper.invokeMethod(MethodInvocationHelper.java:108)
	at org.testng.internal.Invoker.invokeMethod(Invoker.java:661)
	at org.testng.internal.Invoker.invokeTestMethod(Invoker.java:869)
	at org.testng.internal.Invoker.invokeTestMethods(Invoker.java:1193)
	at org.testng.internal.TestMethodWorker.invokeTestMethods(TestMethodWorker.java:126)
	at org.testng.internal.TestMethodWorker.run(TestMethodWorker.java:109)
	at org.testng.TestRunner.privateRun(TestRunner.java:744)
	at org.testng.TestRunner.run(TestRunner.java:602)
	at org.testng.SuiteRunner.runTest(SuiteRunner.java:380)
	at org.testng.SuiteRunner.runSequentially(SuiteRunner.java:375)
	at org.testng.SuiteRunner.privateRun(SuiteRunner.java:340)
	at org.testng.SuiteRunner.run(SuiteRunner.java:289)
	at org.testng.SuiteRunnerWorker.runSuite(SuiteRunnerWorker.java:52)
	at org.testng.SuiteRunnerWorker.run(SuiteRunnerWorker.java:86)
	at org.testng.TestNG.runSuitesSequentially(TestNG.java:1301)
	at org.testng.TestNG.runSuitesLocally(TestNG.java:1226)
	at org.testng.TestNG.runSuites(TestNG.java:1144)
	at org.testng.TestNG.run(TestNG.java:1115)
	at org.testng.remote.AbstractRemoteTestNG.run(AbstractRemoteTestNG.java:132)
	at org.testng.remote.RemoteTestNG.initAndRun(RemoteTestNG.java:230)
	at org.testng.remote.RemoteTestNG.main(RemoteTestNG.java:76)
]]>
            </full-stacktrace>
          </exception> <!-- org.openqa.selenium.TimeoutException -->
          <reporter-output>
          </reporter-output>
        </test-method> <!-- verifyjobtittlepage -->
        <test-method status="PASS" signature="teardown()[pri:0, instance:com.orangehrm.qa.testcases.Homepagetest@6f7fd0e6]" name="teardown" is-config="true" duration-ms="1271" started-at="2019-09-23T14:33:45Z" finished-at="2019-09-23T14:33:46Z">
          <reporter-output>
          </reporter-output>
        </test-method> <!-- teardown -->
        <test-method status="PASS" signature="setup()[pri:0, instance:com.orangehrm.qa.testcases.Homepagetest@6f7fd0e6]" name="setup" is-config="true" duration-ms="34910" started-at="2019-09-23T14:33:46Z" finished-at="2019-09-23T14:34:21Z">
          <reporter-output>
          </reporter-output>
        </test-method> <!-- setup -->
        <test-method status="PASS" signature="veriftpaygradepage()[pri:3, instance:com.orangehrm.qa.testcases.Homepagetest@6f7fd0e6]" name="veriftpaygradepage" duration-ms="5433" started-at="2019-09-23T14:34:21Z" finished-at="2019-09-23T14:34:26Z">
          <reporter-output>
          </reporter-output>
        </test-method> <!-- veriftpaygradepage -->
        <test-method status="PASS" signature="teardown()[pri:0, instance:com.orangehrm.qa.testcases.Homepagetest@6f7fd0e6]" name="teardown" is-config="true" duration-ms="804" started-at="2019-09-23T14:34:26Z" finished-at="2019-09-23T14:34:27Z">
          <reporter-output>
          </reporter-output>
        </test-method> <!-- teardown -->
        <test-method status="PASS" signature="setup()[pri:0, instance:com.orangehrm.qa.testcases.Homepagetest@6f7fd0e6]" name="setup" is-config="true" duration-ms="17422" started-at="2019-09-23T14:34:27Z" finished-at="2019-09-23T14:34:45Z">
          <reporter-output>
          </reporter-output>
        </test-method> <!-- setup -->
        <test-method status="PASS" signature="verifyemployeestatuspage()[pri:4, instance:com.orangehrm.qa.testcases.Homepagetest@6f7fd0e6]" name="verifyemployeestatuspage" duration-ms="7296" started-at="2019-09-23T14:34:45Z" finished-at="2019-09-23T14:34:52Z">
          <reporter-output>
          </reporter-output>
        </test-method> <!-- verifyemployeestatuspage -->
        <test-method status="PASS" signature="teardown()[pri:0, instance:com.orangehrm.qa.testcases.Homepagetest@6f7fd0e6]" name="teardown" is-config="true" duration-ms="695" started-at="2019-09-23T14:34:52Z" finished-at="2019-09-23T14:34:53Z">
          <reporter-output>
          </reporter-output>
        </test-method> <!-- teardown -->
        <test-method status="PASS" signature="setup()[pri:0, instance:com.orangehrm.qa.testcases.Homepagetest@6f7fd0e6]" name="setup" is-config="true" duration-ms="17453" started-at="2019-09-23T14:34:53Z" finished-at="2019-09-23T14:35:10Z">
          <reporter-output>
          </reporter-output>
        </test-method> <!-- setup -->
        <test-method status="PASS" signature="verifyjobcategoriespage()[pri:5, instance:com.orangehrm.qa.testcases.Homepagetest@6f7fd0e6]" name="verifyjobcategoriespage" duration-ms="6830" started-at="2019-09-23T14:35:10Z" finished-at="2019-09-23T14:35:17Z">
          <reporter-output>
          </reporter-output>
        </test-method> <!-- verifyjobcategoriespage -->
        <test-method status="PASS" signature="teardown()[pri:0, instance:com.orangehrm.qa.testcases.Homepagetest@6f7fd0e6]" name="teardown" is-config="true" duration-ms="842" started-at="2019-09-23T14:35:17Z" finished-at="2019-09-23T14:35:18Z">
          <reporter-output>
          </reporter-output>
        </test-method> <!-- teardown -->
        <test-method status="PASS" signature="setup()[pri:0, instance:com.orangehrm.qa.testcases.Homepagetest@6f7fd0e6]" name="setup" is-config="true" duration-ms="14828" started-at="2019-09-23T14:35:18Z" finished-at="2019-09-23T14:35:33Z">
          <reporter-output>
          </reporter-output>
        </test-method> <!-- setup -->
        <test-method status="PASS" signature="verifyworkshiftspage()[pri:6, instance:com.orangehrm.qa.testcases.Homepagetest@6f7fd0e6]" name="verifyworkshiftspage" duration-ms="7089" started-at="2019-09-23T14:35:33Z" finished-at="2019-09-23T14:35:40Z">
          <reporter-output>
          </reporter-output>
        </test-method> <!-- verifyworkshiftspage -->
        <test-method status="PASS" signature="teardown()[pri:0, instance:com.orangehrm.qa.testcases.Homepagetest@6f7fd0e6]" name="teardown" is-config="true" duration-ms="841" started-at="2019-09-23T14:35:40Z" finished-at="2019-09-23T14:35:41Z">
          <reporter-output>
          </reporter-output>
        </test-method> <!-- teardown -->
        <test-method status="PASS" signature="setup()[pri:0, instance:com.orangehrm.qa.testcases.Homepagetest@6f7fd0e6]" name="setup" is-config="true" duration-ms="15069" started-at="2019-09-23T14:35:41Z" finished-at="2019-09-23T14:35:56Z">
          <reporter-output>
          </reporter-output>
        </test-method> <!-- setup -->
        <test-method status="PASS" signature="verifygeneralinformationpage()[pri:7, instance:com.orangehrm.qa.testcases.Homepagetest@6f7fd0e6]" name="verifygeneralinformationpage" duration-ms="8682" started-at="2019-09-23T14:35:56Z" finished-at="2019-09-23T14:36:04Z">
          <reporter-output>
          </reporter-output>
        </test-method> <!-- verifygeneralinformationpage -->
        <test-method status="PASS" signature="teardown()[pri:0, instance:com.orangehrm.qa.testcases.Homepagetest@6f7fd0e6]" name="teardown" is-config="true" duration-ms="795" started-at="2019-09-23T14:36:04Z" finished-at="2019-09-23T14:36:05Z">
          <reporter-output>
          </reporter-output>
        </test-method> <!-- teardown -->
        <test-method status="PASS" signature="setup()[pri:0, instance:com.orangehrm.qa.testcases.Homepagetest@6f7fd0e6]" name="setup" is-config="true" duration-ms="22556" started-at="2019-09-23T14:36:05Z" finished-at="2019-09-23T14:36:28Z">
          <reporter-output>
          </reporter-output>
        </test-method> <!-- setup -->
        <test-method status="PASS" signature="verifylocationpage()[pri:8, instance:com.orangehrm.qa.testcases.Homepagetest@6f7fd0e6]" name="verifylocationpage" duration-ms="3803" started-at="2019-09-23T14:36:28Z" finished-at="2019-09-23T14:36:32Z">
          <reporter-output>
          </reporter-output>
        </test-method> <!-- verifylocationpage -->
        <test-method status="PASS" signature="teardown()[pri:0, instance:com.orangehrm.qa.testcases.Homepagetest@6f7fd0e6]" name="teardown" is-config="true" duration-ms="832" started-at="2019-09-23T14:36:32Z" finished-at="2019-09-23T14:36:32Z">
          <reporter-output>
          </reporter-output>
        </test-method> <!-- teardown -->
      </class> <!-- com.orangehrm.qa.testcases.Homepagetest -->
    </test> <!-- Default test -->
  </suite> <!-- Default suite -->
</testng-results>
